Command line:
   axiToSpi_txFifo_isim_beh.exe
     -simmode  gui
     -simrunnum  1
     -socket  50973

Wed May 10 00:18:47 2017


 Elaboration Time: 0.03125 sec

 Current Memory Usage: 365.83 Meg

 Total Signals          : 519
 Total Nets             : 1950
 Total Signal Drivers   : 102
 Total Blocks           : 7
 Total Primitive Blocks : 3
 Total Processes        : 140
 Total Traceable Variables  : 499
 Total Scalar Nets and Variables : 15524
Total Line Count : 324

 Total Simulation Time: 0.234375 sec

 Current Memory Usage: 365.83 Meg

Wed May 10 00:21:21 2017


