Command line:
   AXI_SPI_top_isim_beh.exe
     -simmode  gui
     -simrunnum  0
     -socket  50982

Wed May 10 00:22:19 2017


 Elaboration Time: 0.046875 sec

 Current Memory Usage: 365.916 Meg

 Total Signals          : 1104
 Total Nets             : 4248
 Total Signal Drivers   : 236
 Total Blocks           : 17
 Total Primitive Blocks : 7
 Total Processes        : 332
 Total Traceable Variables  : 1066
 Total Scalar Nets and Variables : 32055
Total Line Count : 962

 Total Simulation Time: 0.0625 sec

 Current Memory Usage: 365.916 Meg

Wed May 10 00:22:26 2017

