Command line:
   TB_AXI_SPI_isim_beh.exe
     -simmode  gui
     -simrunnum  0
     -socket  57227

Tue May 09 14:03:15 2017


 Elaboration Time: 0.046801 sec

 Current Memory Usage: 682.643 Meg

 Total Signals          : 1277
 Total Nets             : 5314
 Total Signal Drivers   : 398
 Total Blocks           : 22
 Total Primitive Blocks : 11
 Total Processes        : 537
 Total Traceable Variables  : 1155
 Total Scalar Nets and Variables : 50717
Total Line Count : 1326

 Total Simulation Time: 0.124801 sec

 Current Memory Usage: 682.643 Meg

Tue May 09 14:05:41 2017

